<?xml version="1.0" encoding="UTF-8"?>
<!-- Generated by org.testng.reporters.JUnitReportReporter -->
<testsuite hostname="vicky" failures="0" tests="1" name="com.vinayak.test.TestClass" time="23.906" errors="0" timestamp="2023-02-04T16:35:45 IST" skipped="0">
  <testcase classname="com.vinayak.test.TestClass" name="clickOnCheckBox" time="23.906"/>
  <system-out/>
</testsuite> <!-- com.vinayak.test.TestClass -->
